[INFO] Scanning for projects...
[INFO]                                                                         
[INFO] ------------------------------------------------------------------------
[INFO] Building Gradoop Giraph 0.0.2
[INFO] ------------------------------------------------------------------------
[INFO] 
[INFO] --- maven-clean-plugin:2.5:clean (default-clean) @ gradoop-giraph ---
[INFO] Deleting /home/galpha/IdeaProjects/gradoop/gradoop-giraph/target
[INFO] 
[INFO] --- maven-resources-plugin:2.3:resources (default-resources) @ gradoop-giraph ---
[INFO] Using 'UTF-8' encoding to copy filtered resources.
[INFO] skip non existing resourceDirectory /home/galpha/IdeaProjects/gradoop/gradoop-giraph/src/main/resources
[INFO] 
[INFO] --- maven-compiler-plugin:3.0:compile (default-compile) @ gradoop-giraph ---
[INFO] Changes detected - recompiling the module!
[INFO] Compiling 22 source files to /home/galpha/IdeaProjects/gradoop/gradoop-giraph/target/classes
[INFO] 
[INFO] --- maven-resources-plugin:2.3:testResources (default-testResources) @ gradoop-giraph ---
[INFO] Using 'UTF-8' encoding to copy filtered resources.
[INFO] skip non existing resourceDirectory /home/galpha/IdeaProjects/gradoop/gradoop-giraph/src/test/resources
[INFO] 
[INFO] --- maven-compiler-plugin:3.0:testCompile (default-testCompile) @ gradoop-giraph ---
[INFO] Changes detected - recompiling the module!
[INFO] Compiling 9 source files to /home/galpha/IdeaProjects/gradoop/gradoop-giraph/target/test-classes
[INFO] 
[INFO] --- maven-surefire-plugin:2.6:test (default-test) @ gradoop-giraph ---
[INFO] Surefire report directory: /home/galpha/IdeaProjects/gradoop/gradoop-giraph/target/surefire-reports

-------------------------------------------------------
 T E S T S
-------------------------------------------------------
There are no tests to run.

Results :

Tests run: 0, Failures: 0, Errors: 0, Skipped: 0

[INFO] ------------------------------------------------------------------------
[INFO] BUILD FAILURE
[INFO] ------------------------------------------------------------------------
[INFO] Total time: 3.366s
[INFO] Finished at: Thu May 21 12:07:18 CEST 2015
[INFO] Final Memory: 31M/217M
[INFO] ------------------------------------------------------------------------
[ERROR] Failed to execute goal org.apache.maven.plugins:maven-surefire-plugin:2.6:test (default-test) on project gradoop-giraph: No tests were executed!  (Set -DfailIfNoTests=false to ignore this error.) -> [Help 1]
[ERROR] 
[ERROR] To see the full stack trace of the errors, re-run Maven with the -e switch.
[ERROR] Re-run Maven using the -X switch to enable full debug logging.
[ERROR] 
[ERROR] For more information about the errors and possible solutions, please read the following articles:
[ERROR] [Help 1] http://cwiki.apache.org/confluence/display/MAVEN/MojoFailureException
